[debug] [2024-03-30T04:06:54.625Z] ----------------------------------------------------------------------
[debug] [2024-03-30T04:06:54.627Z] Command:       C:\Program Files\nodejs\node.exe C:\Users\evanr\AppData\Roaming\npm\node_modules\firebase-tools\lib\bin\firebase.js emulators:start
[debug] [2024-03-30T04:06:54.627Z] CLI Version:   13.6.0
[debug] [2024-03-30T04:06:54.628Z] Platform:      win32
[debug] [2024-03-30T04:06:54.628Z] Node Version:  v20.11.1
[debug] [2024-03-30T04:06:54.628Z] Time:          Fri Mar 29 2024 23:06:54 GMT-0500 (Central Daylight Time)
[debug] [2024-03-30T04:06:54.628Z] ----------------------------------------------------------------------
[debug] 
[debug] [2024-03-30T04:06:54.734Z] > command requires scopes: ["email","openid","https://www.googleapis.com/auth/cloudplatformprojects.readonly","https://www.googleapis.com/auth/firebase","https://www.googleapis.com/auth/cloud-platform"]
[debug] [2024-03-30T04:06:54.735Z] > authorizing via signed-in user (evanreidsmith7@gmail.com)
[info] i  emulators: Starting emulators: auth, hosting {"metadata":{"emulator":{"name":"hub"},"message":"Starting emulators: auth, hosting"}}
[debug] [2024-03-30T04:06:54.745Z] [logging] Logging Emulator only supports listening on one address (127.0.0.1). Not listening on ::1
[debug] [2024-03-30T04:06:54.745Z] [auth] Authentication Emulator only supports listening on one address (127.0.0.1). Not listening on ::1
[debug] [2024-03-30T04:06:54.746Z] [hosting] Hosting Emulator only supports listening on one address (127.0.0.1). Not listening on ::1
[debug] [2024-03-30T04:06:54.746Z] assigned listening specs for emulators {"user":{"hub":[{"address":"127.0.0.1","family":"IPv4","port":4400},{"address":"::1","family":"IPv6","port":4400}],"ui":[{"address":"127.0.0.1","family":"IPv4","port":4000},{"address":"::1","family":"IPv6","port":4000}],"logging":[{"address":"127.0.0.1","family":"IPv4","port":4500}],"auth":[{"address":"127.0.0.1","family":"IPv4","port":9099}],"hosting":[{"address":"127.0.0.1","family":"IPv4","port":5000}]},"metadata":{"message":"assigned listening specs for emulators"}}
[debug] [2024-03-30T04:06:54.751Z] [hub] writing locator at C:\Users\evanr\AppData\Local\Temp\hub-schedulegenius-v2.json
[debug] [2024-03-30T04:07:00.032Z] >>> [apiv2][query] GET https://firebasehosting.googleapis.com/v1beta1/projects/schedulegenius-v2/sites 
[debug] [2024-03-30T04:07:00.517Z] <<< [apiv2][status] GET https://firebasehosting.googleapis.com/v1beta1/projects/schedulegenius-v2/sites 200
[debug] [2024-03-30T04:07:00.517Z] <<< [apiv2][body] GET https://firebasehosting.googleapis.com/v1beta1/projects/schedulegenius-v2/sites {"sites":[{"name":"projects/schedulegenius-v2/sites/schedulegenius-v2","defaultUrl":"https://schedulegenius-v2.web.app","appId":"1:469542297163:web:f871ec22dd609e0873b7ce","type":"DEFAULT_SITE"}]}
[debug] [2024-03-30T04:07:00.517Z] >>> [apiv2][query] GET https://firebase.googleapis.com/v1beta1/projects/schedulegenius-v2/webApps/1:469542297163:web:f871ec22dd609e0873b7ce/config [none]
[debug] [2024-03-30T04:07:00.831Z] <<< [apiv2][status] GET https://firebase.googleapis.com/v1beta1/projects/schedulegenius-v2/webApps/1:469542297163:web:f871ec22dd609e0873b7ce/config 200
[debug] [2024-03-30T04:07:00.831Z] <<< [apiv2][body] GET https://firebase.googleapis.com/v1beta1/projects/schedulegenius-v2/webApps/1:469542297163:web:f871ec22dd609e0873b7ce/config {"projectId":"schedulegenius-v2","appId":"1:469542297163:web:f871ec22dd609e0873b7ce","storageBucket":"schedulegenius-v2.appspot.com","apiKey":"AIzaSyBaddwW8WvnpT5uGucrR49vEh-7yf8KvW0","authDomain":"schedulegenius-v2.firebaseapp.com","messagingSenderId":"469542297163","measurementId":"G-Q826G5TS9G"}
[debug] [2024-03-30T04:07:00.835Z] >>> [apiv2][query] GET https://firebase.googleapis.com/v1beta1/projects/schedulegenius-v2 [none]
[debug] [2024-03-30T04:07:00.951Z] <<< [apiv2][status] GET https://firebase.googleapis.com/v1beta1/projects/schedulegenius-v2 200
[debug] [2024-03-30T04:07:00.951Z] <<< [apiv2][body] GET https://firebase.googleapis.com/v1beta1/projects/schedulegenius-v2 {"projectId":"schedulegenius-v2","projectNumber":"469542297163","displayName":"schedulegenius-v2","name":"projects/schedulegenius-v2","resources":{"hostingSite":"schedulegenius-v2"},"state":"ACTIVE","etag":"1_9aeb85b0-a1bd-4790-952f-40c5d0201c9c"}
[info] i  hosting[schedulegenius-v2]: Serving hosting files from: build {"metadata":{"emulator":{"name":"hosting"},"message":"Serving hosting files from: \u001b[1mbuild\u001b[22m"}}
[info] +  hosting[schedulegenius-v2]: Local server: http://127.0.0.1:5000 {"metadata":{"emulator":{"name":"hosting"},"message":"Local server: \u001b[4m\u001b[1mhttp://127.0.0.1:5000\u001b[22m\u001b[24m"}}
[info] i  ui: downloading ui-v1.11.8.zip... {"metadata":{"emulator":{"name":"ui"},"message":"downloading ui-v1.11.8.zip..."}}
[debug] [2024-03-30T04:07:00.973Z] >>> [apiv2][query] GET https://storage.googleapis.com/firebase-preview-drop/emulator/ui-v1.11.8.zip 
[debug] [2024-03-30T04:07:01.237Z] <<< [apiv2][status] GET https://storage.googleapis.com/firebase-preview-drop/emulator/ui-v1.11.8.zip 200
[debug] [2024-03-30T04:07:01.238Z] <<< [apiv2][body] GET https://storage.googleapis.com/firebase-preview-drop/emulator/ui-v1.11.8.zip [stream]
[debug] [2024-03-30T04:07:02.372Z] Data is 3523907
[debug] [2024-03-30T04:07:02.373Z] [unzip] Entry: client/ (compressed_size=0 bytes, uncompressed_size=0 bytes)
[debug] [2024-03-30T04:07:02.373Z] [unzip] Processing entry: client\
[debug] [2024-03-30T04:07:02.373Z] [unzip] mkdir: C:\Users\evanr\.cache\firebase\emulators\ui-v1.11.8\client\
[debug] [2024-03-30T04:07:02.374Z] [unzip] Entry: client/favicon.ico (compressed_size=2497 bytes, uncompressed_size=7406 bytes)
[debug] [2024-03-30T04:07:02.374Z] [unzip] Processing entry: client\favicon.ico
[debug] [2024-03-30T04:07:02.374Z] [unzip] else mkdir: C:\Users\evanr\.cache\firebase\emulators\ui-v1.11.8\client
[debug] [2024-03-30T04:07:02.374Z] [unzip] deflating: C:\Users\evanr\.cache\firebase\emulators\ui-v1.11.8\client\favicon.ico
[debug] [2024-03-30T04:07:02.378Z] [unzip] Entry: client/apple-touch-icon.png (compressed_size=7231 bytes, uncompressed_size=7367 bytes)
[debug] [2024-03-30T04:07:02.378Z] [unzip] Processing entry: client\apple-touch-icon.png
[debug] [2024-03-30T04:07:02.378Z] [unzip] else mkdir: C:\Users\evanr\.cache\firebase\emulators\ui-v1.11.8\client
[debug] [2024-03-30T04:07:02.378Z] [unzip] deflating: C:\Users\evanr\.cache\firebase\emulators\ui-v1.11.8\client\apple-touch-icon.png
[debug] [2024-03-30T04:07:02.379Z] [unzip] Entry: client/android-chrome-512x512.png (compressed_size=16987 bytes, uncompressed_size=18186 bytes)
[debug] [2024-03-30T04:07:02.379Z] [unzip] Processing entry: client\android-chrome-512x512.png
[debug] [2024-03-30T04:07:02.379Z] [unzip] else mkdir: C:\Users\evanr\.cache\firebase\emulators\ui-v1.11.8\client
[debug] [2024-03-30T04:07:02.380Z] [unzip] deflating: C:\Users\evanr\.cache\firebase\emulators\ui-v1.11.8\client\android-chrome-512x512.png
[debug] [2024-03-30T04:07:02.381Z] [unzip] Entry: client/assets/ (compressed_size=0 bytes, uncompressed_size=0 bytes)
[debug] [2024-03-30T04:07:02.381Z] [unzip] Processing entry: client\assets\
[debug] [2024-03-30T04:07:02.381Z] [unzip] mkdir: C:\Users\evanr\.cache\firebase\emulators\ui-v1.11.8\client\assets\
[debug] [2024-03-30T04:07:02.382Z] [unzip] Entry: client/assets/extensions/ (compressed_size=0 bytes, uncompressed_size=0 bytes)
[debug] [2024-03-30T04:07:02.382Z] [unzip] Processing entry: client\assets\extensions\
[debug] [2024-03-30T04:07:02.382Z] [unzip] mkdir: C:\Users\evanr\.cache\firebase\emulators\ui-v1.11.8\client\assets\extensions\
[debug] [2024-03-30T04:07:02.382Z] [unzip] Entry: client/assets/extensions/default-extension.png (compressed_size=1646 bytes, uncompressed_size=1657 bytes)
[debug] [2024-03-30T04:07:02.382Z] [unzip] Processing entry: client\assets\extensions\default-extension.png
[debug] [2024-03-30T04:07:02.382Z] [unzip] else mkdir: C:\Users\evanr\.cache\firebase\emulators\ui-v1.11.8\client\assets\extensions
[debug] [2024-03-30T04:07:02.382Z] [unzip] deflating: C:\Users\evanr\.cache\firebase\emulators\ui-v1.11.8\client\assets\extensions\default-extension.png
[debug] [2024-03-30T04:07:02.383Z] [unzip] Entry: client/assets/index-Z4-ilXvq.js.map (compressed_size=2229704 bytes, uncompressed_size=9599487 bytes)
[debug] [2024-03-30T04:07:02.383Z] [unzip] Processing entry: client\assets\index-Z4-ilXvq.js.map
[debug] [2024-03-30T04:07:02.383Z] [unzip] else mkdir: C:\Users\evanr\.cache\firebase\emulators\ui-v1.11.8\client\assets
[debug] [2024-03-30T04:07:02.383Z] [unzip] deflating: C:\Users\evanr\.cache\firebase\emulators\ui-v1.11.8\client\assets\index-Z4-ilXvq.js.map
[debug] [2024-03-30T04:07:02.432Z] [unzip] Entry: client/assets/provider-icons/ (compressed_size=0 bytes, uncompressed_size=0 bytes)
[debug] [2024-03-30T04:07:02.432Z] [unzip] Processing entry: client\assets\provider-icons\
[debug] [2024-03-30T04:07:02.432Z] [unzip] mkdir: C:\Users\evanr\.cache\firebase\emulators\ui-v1.11.8\client\assets\provider-icons\
[debug] [2024-03-30T04:07:02.433Z] [unzip] Entry: client/assets/provider-icons/auth_service_oidc.svg (compressed_size=414 bytes, uncompressed_size=858 bytes)
[debug] [2024-03-30T04:07:02.433Z] [unzip] Processing entry: client\assets\provider-icons\auth_service_oidc.svg
[debug] [2024-03-30T04:07:02.433Z] [unzip] else mkdir: C:\Users\evanr\.cache\firebase\emulators\ui-v1.11.8\client\assets\provider-icons
[debug] [2024-03-30T04:07:02.433Z] [unzip] deflating: C:\Users\evanr\.cache\firebase\emulators\ui-v1.11.8\client\assets\provider-icons\auth_service_oidc.svg
[debug] [2024-03-30T04:07:02.434Z] [unzip] Entry: client/assets/provider-icons/auth_service_yahoo.svg (compressed_size=577 bytes, uncompressed_size=1182 bytes)
[debug] [2024-03-30T04:07:02.434Z] [unzip] Processing entry: client\assets\provider-icons\auth_service_yahoo.svg
[debug] [2024-03-30T04:07:02.434Z] [unzip] else mkdir: C:\Users\evanr\.cache\firebase\emulators\ui-v1.11.8\client\assets\provider-icons
[debug] [2024-03-30T04:07:02.434Z] [unzip] deflating: C:\Users\evanr\.cache\firebase\emulators\ui-v1.11.8\client\assets\provider-icons\auth_service_yahoo.svg
[debug] [2024-03-30T04:07:02.435Z] [unzip] Entry: client/assets/provider-icons/auth_service_phone.svg (compressed_size=261 bytes, uncompressed_size=414 bytes)
[debug] [2024-03-30T04:07:02.435Z] [unzip] Processing entry: client\assets\provider-icons\auth_service_phone.svg
[debug] [2024-03-30T04:07:02.435Z] [unzip] else mkdir: C:\Users\evanr\.cache\firebase\emulators\ui-v1.11.8\client\assets\provider-icons
[debug] [2024-03-30T04:07:02.435Z] [unzip] deflating: C:\Users\evanr\.cache\firebase\emulators\ui-v1.11.8\client\assets\provider-icons\auth_service_phone.svg
[debug] [2024-03-30T04:07:02.437Z] [unzip] Entry: client/assets/provider-icons/auth_service_saml.svg (compressed_size=575 bytes, uncompressed_size=1226 bytes)
[debug] [2024-03-30T04:07:02.437Z] [unzip] Processing entry: client\assets\provider-icons\auth_service_saml.svg
[debug] [2024-03-30T04:07:02.437Z] [unzip] else mkdir: C:\Users\evanr\.cache\firebase\emulators\ui-v1.11.8\client\assets\provider-icons
[debug] [2024-03-30T04:07:02.437Z] [unzip] deflating: C:\Users\evanr\.cache\firebase\emulators\ui-v1.11.8\client\assets\provider-icons\auth_service_saml.svg
[debug] [2024-03-30T04:07:02.438Z] [unzip] Entry: client/assets/provider-icons/auth_service_mslive.svg (compressed_size=203 bytes, uncompressed_size=378 bytes)
[debug] [2024-03-30T04:07:02.438Z] [unzip] Processing entry: client\assets\provider-icons\auth_service_mslive.svg
[debug] [2024-03-30T04:07:02.438Z] [unzip] else mkdir: C:\Users\evanr\.cache\firebase\emulators\ui-v1.11.8\client\assets\provider-icons
[debug] [2024-03-30T04:07:02.438Z] [unzip] deflating: C:\Users\evanr\.cache\firebase\emulators\ui-v1.11.8\client\assets\provider-icons\auth_service_mslive.svg
[debug] [2024-03-30T04:07:02.439Z] [unzip] Entry: client/assets/provider-icons/auth_service_facebook.svg (compressed_size=289 bytes, uncompressed_size=457 bytes)
[debug] [2024-03-30T04:07:02.439Z] [unzip] Processing entry: client\assets\provider-icons\auth_service_facebook.svg
[debug] [2024-03-30T04:07:02.439Z] [unzip] else mkdir: C:\Users\evanr\.cache\firebase\emulators\ui-v1.11.8\client\assets\provider-icons
[debug] [2024-03-30T04:07:02.440Z] [unzip] deflating: C:\Users\evanr\.cache\firebase\emulators\ui-v1.11.8\client\assets\provider-icons\auth_service_facebook.svg
[debug] [2024-03-30T04:07:02.440Z] [unzip] Entry: client/assets/provider-icons/auth_service_play_games.svg (compressed_size=565 bytes, uncompressed_size=1173 bytes)
[debug] [2024-03-30T04:07:02.440Z] [unzip] Processing entry: client\assets\provider-icons\auth_service_play_games.svg
[debug] [2024-03-30T04:07:02.440Z] [unzip] else mkdir: C:\Users\evanr\.cache\firebase\emulators\ui-v1.11.8\client\assets\provider-icons
[debug] [2024-03-30T04:07:02.441Z] [unzip] deflating: C:\Users\evanr\.cache\firebase\emulators\ui-v1.11.8\client\assets\provider-icons\auth_service_play_games.svg
[debug] [2024-03-30T04:07:02.441Z] [unzip] Entry: client/assets/provider-icons/auth_service_github.svg (compressed_size=466 bytes, uncompressed_size=838 bytes)
[debug] [2024-03-30T04:07:02.442Z] [unzip] Processing entry: client\assets\provider-icons\auth_service_github.svg
[debug] [2024-03-30T04:07:02.442Z] [unzip] else mkdir: C:\Users\evanr\.cache\firebase\emulators\ui-v1.11.8\client\assets\provider-icons
[debug] [2024-03-30T04:07:02.442Z] [unzip] deflating: C:\Users\evanr\.cache\firebase\emulators\ui-v1.11.8\client\assets\provider-icons\auth_service_github.svg
[debug] [2024-03-30T04:07:02.442Z] [unzip] Entry: client/assets/provider-icons/auth_service_apple.svg (compressed_size=230 bytes, uncompressed_size=334 bytes)
[debug] [2024-03-30T04:07:02.442Z] [unzip] Processing entry: client\assets\provider-icons\auth_service_apple.svg
[debug] [2024-03-30T04:07:02.442Z] [unzip] else mkdir: C:\Users\evanr\.cache\firebase\emulators\ui-v1.11.8\client\assets\provider-icons
[debug] [2024-03-30T04:07:02.443Z] [unzip] deflating: C:\Users\evanr\.cache\firebase\emulators\ui-v1.11.8\client\assets\provider-icons\auth_service_apple.svg
[debug] [2024-03-30T04:07:02.443Z] [unzip] Entry: client/assets/provider-icons/auth_service_google.svg (compressed_size=409 bytes, uncompressed_size=720 bytes)
[debug] [2024-03-30T04:07:02.443Z] [unzip] Processing entry: client\assets\provider-icons\auth_service_google.svg
[debug] [2024-03-30T04:07:02.443Z] [unzip] else mkdir: C:\Users\evanr\.cache\firebase\emulators\ui-v1.11.8\client\assets\provider-icons
[debug] [2024-03-30T04:07:02.444Z] [unzip] deflating: C:\Users\evanr\.cache\firebase\emulators\ui-v1.11.8\client\assets\provider-icons\auth_service_google.svg
[debug] [2024-03-30T04:07:02.444Z] [unzip] Entry: client/assets/provider-icons/auth_service_email.svg (compressed_size=228 bytes, uncompressed_size=326 bytes)
[debug] [2024-03-30T04:07:02.444Z] [unzip] Processing entry: client\assets\provider-icons\auth_service_email.svg
[debug] [2024-03-30T04:07:02.444Z] [unzip] else mkdir: C:\Users\evanr\.cache\firebase\emulators\ui-v1.11.8\client\assets\provider-icons
[debug] [2024-03-30T04:07:02.444Z] [unzip] deflating: C:\Users\evanr\.cache\firebase\emulators\ui-v1.11.8\client\assets\provider-icons\auth_service_email.svg
[debug] [2024-03-30T04:07:02.445Z] [unzip] Entry: client/assets/provider-icons/auth_service_twitter.svg (compressed_size=444 bytes, uncompressed_size=751 bytes)
[debug] [2024-03-30T04:07:02.445Z] [unzip] Processing entry: client\assets\provider-icons\auth_service_twitter.svg
[debug] [2024-03-30T04:07:02.445Z] [unzip] else mkdir: C:\Users\evanr\.cache\firebase\emulators\ui-v1.11.8\client\assets\provider-icons
[debug] [2024-03-30T04:07:02.446Z] [unzip] deflating: C:\Users\evanr\.cache\firebase\emulators\ui-v1.11.8\client\assets\provider-icons\auth_service_twitter.svg
[debug] [2024-03-30T04:07:02.446Z] [unzip] Entry: client/assets/provider-icons/auth_service_game_center.svg (compressed_size=991 bytes, uncompressed_size=3921 bytes)
[debug] [2024-03-30T04:07:02.446Z] [unzip] Processing entry: client\assets\provider-icons\auth_service_game_center.svg
[debug] [2024-03-30T04:07:02.446Z] [unzip] else mkdir: C:\Users\evanr\.cache\firebase\emulators\ui-v1.11.8\client\assets\provider-icons
[debug] [2024-03-30T04:07:02.446Z] [unzip] deflating: C:\Users\evanr\.cache\firebase\emulators\ui-v1.11.8\client\assets\provider-icons\auth_service_game_center.svg
[debug] [2024-03-30T04:07:02.447Z] [unzip] Entry: client/assets/img/ (compressed_size=0 bytes, uncompressed_size=0 bytes)
[debug] [2024-03-30T04:07:02.448Z] [unzip] Processing entry: client\assets\img\
[debug] [2024-03-30T04:07:02.448Z] [unzip] mkdir: C:\Users\evanr\.cache\firebase\emulators\ui-v1.11.8\client\assets\img\
[debug] [2024-03-30T04:07:02.448Z] [unzip] Entry: client/assets/img/database.png (compressed_size=29449 bytes, uncompressed_size=29988 bytes)
[debug] [2024-03-30T04:07:02.448Z] [unzip] Processing entry: client\assets\img\database.png
[debug] [2024-03-30T04:07:02.448Z] [unzip] else mkdir: C:\Users\evanr\.cache\firebase\emulators\ui-v1.11.8\client\assets\img
[debug] [2024-03-30T04:07:02.448Z] [unzip] deflating: C:\Users\evanr\.cache\firebase\emulators\ui-v1.11.8\client\assets\img\database.png
[debug] [2024-03-30T04:07:02.449Z] [unzip] Entry: client/assets/index-Cj5I7867.css (compressed_size=35786 bytes, uncompressed_size=297937 bytes)
[debug] [2024-03-30T04:07:02.449Z] [unzip] Processing entry: client\assets\index-Cj5I7867.css
[debug] [2024-03-30T04:07:02.449Z] [unzip] else mkdir: C:\Users\evanr\.cache\firebase\emulators\ui-v1.11.8\client\assets
[debug] [2024-03-30T04:07:02.449Z] [unzip] deflating: C:\Users\evanr\.cache\firebase\emulators\ui-v1.11.8\client\assets\index-Cj5I7867.css
[debug] [2024-03-30T04:07:02.451Z] [unzip] Entry: client/assets/index-Z4-ilXvq.js (compressed_size=563876 bytes, uncompressed_size=2021818 bytes)
[debug] [2024-03-30T04:07:02.451Z] [unzip] Processing entry: client\assets\index-Z4-ilXvq.js
[debug] [2024-03-30T04:07:02.451Z] [unzip] else mkdir: C:\Users\evanr\.cache\firebase\emulators\ui-v1.11.8\client\assets
[debug] [2024-03-30T04:07:02.451Z] [unzip] deflating: C:\Users\evanr\.cache\firebase\emulators\ui-v1.11.8\client\assets\index-Z4-ilXvq.js
[debug] [2024-03-30T04:07:02.460Z] [unzip] Entry: client/safari-pinned-tab.svg (compressed_size=838 bytes, uncompressed_size=1504 bytes)
[debug] [2024-03-30T04:07:02.460Z] [unzip] Processing entry: client\safari-pinned-tab.svg
[debug] [2024-03-30T04:07:02.461Z] [unzip] else mkdir: C:\Users\evanr\.cache\firebase\emulators\ui-v1.11.8\client
[debug] [2024-03-30T04:07:02.461Z] [unzip] deflating: C:\Users\evanr\.cache\firebase\emulators\ui-v1.11.8\client\safari-pinned-tab.svg
[debug] [2024-03-30T04:07:02.461Z] [unzip] Entry: client/mstile-150x150.png (compressed_size=5406 bytes, uncompressed_size=5723 bytes)
[debug] [2024-03-30T04:07:02.462Z] [unzip] Processing entry: client\mstile-150x150.png
[debug] [2024-03-30T04:07:02.462Z] [unzip] else mkdir: C:\Users\evanr\.cache\firebase\emulators\ui-v1.11.8\client
[debug] [2024-03-30T04:07:02.462Z] [unzip] deflating: C:\Users\evanr\.cache\firebase\emulators\ui-v1.11.8\client\mstile-150x150.png
[debug] [2024-03-30T04:07:02.462Z] [unzip] Entry: client/browserconfig.xml (compressed_size=491 bytes, uncompressed_size=822 bytes)
[debug] [2024-03-30T04:07:02.463Z] [unzip] Processing entry: client\browserconfig.xml
[debug] [2024-03-30T04:07:02.463Z] [unzip] else mkdir: C:\Users\evanr\.cache\firebase\emulators\ui-v1.11.8\client
[debug] [2024-03-30T04:07:02.463Z] [unzip] deflating: C:\Users\evanr\.cache\firebase\emulators\ui-v1.11.8\client\browserconfig.xml
[debug] [2024-03-30T04:07:02.464Z] [unzip] Entry: client/robots.txt (compressed_size=26 bytes, uncompressed_size=26 bytes)
[debug] [2024-03-30T04:07:02.464Z] [unzip] Processing entry: client\robots.txt
[debug] [2024-03-30T04:07:02.464Z] [unzip] else mkdir: C:\Users\evanr\.cache\firebase\emulators\ui-v1.11.8\client
[debug] [2024-03-30T04:07:02.464Z] [unzip] Writing file: C:\Users\evanr\.cache\firebase\emulators\ui-v1.11.8\client\robots.txt
[debug] [2024-03-30T04:07:02.465Z] [unzip] Entry: client/index.html (compressed_size=1365 bytes, uncompressed_size=3071 bytes)
[debug] [2024-03-30T04:07:02.465Z] [unzip] Processing entry: client\index.html
[debug] [2024-03-30T04:07:02.465Z] [unzip] else mkdir: C:\Users\evanr\.cache\firebase\emulators\ui-v1.11.8\client
[debug] [2024-03-30T04:07:02.465Z] [unzip] deflating: C:\Users\evanr\.cache\firebase\emulators\ui-v1.11.8\client\index.html
[debug] [2024-03-30T04:07:02.466Z] [unzip] Entry: client/favicon-16x16.png (compressed_size=757 bytes, uncompressed_size=777 bytes)
[debug] [2024-03-30T04:07:02.466Z] [unzip] Processing entry: client\favicon-16x16.png
[debug] [2024-03-30T04:07:02.466Z] [unzip] else mkdir: C:\Users\evanr\.cache\firebase\emulators\ui-v1.11.8\client
[debug] [2024-03-30T04:07:02.466Z] [unzip] deflating: C:\Users\evanr\.cache\firebase\emulators\ui-v1.11.8\client\favicon-16x16.png
[debug] [2024-03-30T04:07:02.467Z] [unzip] Entry: client/manifest.json (compressed_size=246 bytes, uncompressed_size=551 bytes)
[debug] [2024-03-30T04:07:02.467Z] [unzip] Processing entry: client\manifest.json
[debug] [2024-03-30T04:07:02.467Z] [unzip] else mkdir: C:\Users\evanr\.cache\firebase\emulators\ui-v1.11.8\client
[debug] [2024-03-30T04:07:02.467Z] [unzip] deflating: C:\Users\evanr\.cache\firebase\emulators\ui-v1.11.8\client\manifest.json
[debug] [2024-03-30T04:07:02.467Z] [unzip] Entry: client/favicon-32x32.png (compressed_size=1175 bytes, uncompressed_size=1175 bytes)
[debug] [2024-03-30T04:07:02.468Z] [unzip] Processing entry: client\favicon-32x32.png
[debug] [2024-03-30T04:07:02.468Z] [unzip] else mkdir: C:\Users\evanr\.cache\firebase\emulators\ui-v1.11.8\client
[debug] [2024-03-30T04:07:02.468Z] [unzip] Writing file: C:\Users\evanr\.cache\firebase\emulators\ui-v1.11.8\client\favicon-32x32.png
[debug] [2024-03-30T04:07:02.468Z] [unzip] Entry: client/android-chrome-192x192.png (compressed_size=7602 bytes, uncompressed_size=7834 bytes)
[debug] [2024-03-30T04:07:02.468Z] [unzip] Processing entry: client\android-chrome-192x192.png
[debug] [2024-03-30T04:07:02.468Z] [unzip] else mkdir: C:\Users\evanr\.cache\firebase\emulators\ui-v1.11.8\client
[debug] [2024-03-30T04:07:02.468Z] [unzip] deflating: C:\Users\evanr\.cache\firebase\emulators\ui-v1.11.8\client\android-chrome-192x192.png
[debug] [2024-03-30T04:07:02.469Z] [unzip] Entry: server/ (compressed_size=0 bytes, uncompressed_size=0 bytes)
[debug] [2024-03-30T04:07:02.469Z] [unzip] Processing entry: server\
[debug] [2024-03-30T04:07:02.469Z] [unzip] mkdir: C:\Users\evanr\.cache\firebase\emulators\ui-v1.11.8\server\
[debug] [2024-03-30T04:07:02.469Z] [unzip] Entry: server/server.mjs (compressed_size=311497 bytes, uncompressed_size=1147307 bytes)
[debug] [2024-03-30T04:07:02.469Z] [unzip] Processing entry: server\server.mjs
[debug] [2024-03-30T04:07:02.469Z] [unzip] else mkdir: C:\Users\evanr\.cache\firebase\emulators\ui-v1.11.8\server
[debug] [2024-03-30T04:07:02.470Z] [unzip] deflating: C:\Users\evanr\.cache\firebase\emulators\ui-v1.11.8\server\server.mjs
[debug] [2024-03-30T04:07:02.474Z] [unzip] Entry: server/assets/ (compressed_size=0 bytes, uncompressed_size=0 bytes)
[debug] [2024-03-30T04:07:02.475Z] [unzip] Processing entry: server\assets\
[debug] [2024-03-30T04:07:02.475Z] [unzip] mkdir: C:\Users\evanr\.cache\firebase\emulators\ui-v1.11.8\server\assets\
[debug] [2024-03-30T04:07:02.475Z] [unzip] Entry: server/assets/multipart-parser-n20ATYm_.mjs.map (compressed_size=4790 bytes, uncompressed_size=17920 bytes)
[debug] [2024-03-30T04:07:02.475Z] [unzip] Processing entry: server\assets\multipart-parser-n20ATYm_.mjs.map
[debug] [2024-03-30T04:07:02.475Z] [unzip] else mkdir: C:\Users\evanr\.cache\firebase\emulators\ui-v1.11.8\server\assets
[debug] [2024-03-30T04:07:02.475Z] [unzip] deflating: C:\Users\evanr\.cache\firebase\emulators\ui-v1.11.8\server\assets\multipart-parser-n20ATYm_.mjs.map
[debug] [2024-03-30T04:07:02.476Z] [unzip] Entry: server/assets/multipart-parser-n20ATYm_.mjs (compressed_size=2625 bytes, uncompressed_size=10428 bytes)
[debug] [2024-03-30T04:07:02.476Z] [unzip] Processing entry: server\assets\multipart-parser-n20ATYm_.mjs
[debug] [2024-03-30T04:07:02.476Z] [unzip] else mkdir: C:\Users\evanr\.cache\firebase\emulators\ui-v1.11.8\server\assets
[debug] [2024-03-30T04:07:02.476Z] [unzip] deflating: C:\Users\evanr\.cache\firebase\emulators\ui-v1.11.8\server\assets\multipart-parser-n20ATYm_.mjs
[debug] [2024-03-30T04:07:02.477Z] [unzip] Entry: server/server.mjs.map (compressed_size=286219 bytes, uncompressed_size=1310517 bytes)
[debug] [2024-03-30T04:07:02.477Z] [unzip] Processing entry: server\server.mjs.map
[debug] [2024-03-30T04:07:02.477Z] [unzip] else mkdir: C:\Users\evanr\.cache\firebase\emulators\ui-v1.11.8\server
[debug] [2024-03-30T04:07:02.477Z] [unzip] deflating: C:\Users\evanr\.cache\firebase\emulators\ui-v1.11.8\server\server.mjs.map
[debug] [2024-03-30T04:07:02.484Z] Ignoring unsupported arg: auto_download {"metadata":{"emulator":{"name":"ui"},"message":"Ignoring unsupported arg: auto_download"}}
[debug] [2024-03-30T04:07:02.484Z] Ignoring unsupported arg: port {"metadata":{"emulator":{"name":"ui"},"message":"Ignoring unsupported arg: port"}}
[debug] [2024-03-30T04:07:02.484Z] Starting Emulator UI with command {"binary":"node","args":["C:\\Users\\evanr\\.cache\\firebase\\emulators\\ui-v1.11.8\\server\\server.mjs"],"optionalArgs":[],"joinArgs":false} {"metadata":{"emulator":{"name":"ui"},"message":"Starting Emulator UI with command {\"binary\":\"node\",\"args\":[\"C:\\\\Users\\\\evanr\\\\.cache\\\\firebase\\\\emulators\\\\ui-v1.11.8\\\\server\\\\server.mjs\"],\"optionalArgs\":[],\"joinArgs\":false}"}}
[info] i  ui: Emulator UI logging to ui-debug.log {"metadata":{"emulator":{"name":"ui"},"message":"Emulator UI logging to \u001b[1mui-debug.log\u001b[22m"}}
[debug] [2024-03-30T04:07:02.615Z] Web / API server started at 127.0.0.1:4000
 {"metadata":{"emulator":{"name":"ui"},"message":"Web / API server started at 127.0.0.1:4000\n"}}
[debug] [2024-03-30T04:07:02.615Z] Web / API server started at ::1:4000
 {"metadata":{"emulator":{"name":"ui"},"message":"Web / API server started at ::1:4000\n"}}
[info] 
┌─────────────────────────────────────────────────────────────┐
│ ✔  All emulators ready! It is now safe to connect your app. │
│ i  View Emulator UI at http://127.0.0.1:4000/               │
└─────────────────────────────────────────────────────────────┘

┌────────────────┬────────────────┬────────────────────────────┐
│ Emulator       │ Host:Port      │ View in Emulator UI        │
├────────────────┼────────────────┼────────────────────────────┤
│ Authentication │ 127.0.0.1:9099 │ http://127.0.0.1:4000/auth │
├────────────────┼────────────────┼────────────────────────────┤
│ Hosting        │ 127.0.0.1:5000 │ n/a                        │
└────────────────┴────────────────┴────────────────────────────┘
  Emulator Hub running at 127.0.0.1:4400
  Other reserved ports: 4500

Issues? Report them at https://github.com/firebase/firebase-tools/issues and attach the *-debug.log files.
 
